<?xml version="1.0" encoding="UTF-8"?>
<!-- Generated by org.testng.reporters.JUnitXMLReporter -->
<testsuite ignored="0" hostname="DESKTOP-4Q8IVI3" failures="1" tests="7" name="Test" time="68.929" errors="0" timestamp="2023-10-23T12:06:03 IST">
  <testcase classname="com.test.TestNG_Annotations" name="testLogo" time="0.299"/>
  <testcase classname="com.test.TestNG_Annotations" name="testRequestDemoButton" time="38.078"/>
  <testcase classname="com.test.TestNG_Annotations" name="testSolutions" time="1.013">
    <failure type="org.testng.internal.thread.ThreadTimeoutException" message="Method com.test.TestNG_Annotations.testSolutions() didn&amp;apos;t finish within the time-out 1000">
      <![CDATA[org.testng.internal.thread.ThreadTimeoutException: Method com.test.TestNG_Annotations.testSolutions() didn't finish within the time-out 1000
at java.base@14.0.2/jdk.internal.misc.Unsafe.park(Native Method)
at java.base@14.0.2/java.util.concurrent.locks.LockSupport.parkNanos(LockSupport.java:252)
at java.base@14.0.2/java.util.concurrent.CompletableFuture$Signaller.block(CompletableFuture.java:1862)
at java.base@14.0.2/java.util.concurrent.ForkJoinPool.managedBlock(ForkJoinPool.java:3137)
at java.base@14.0.2/java.util.concurrent.CompletableFuture.timedGet(CompletableFuture.java:1932)
at java.base@14.0.2/java.util.concurrent.CompletableFuture.get(CompletableFuture.java:2085)
at app//org.openqa.selenium.remote.http.jdk.JdkHttpClient.execute0(JdkHttpClient.java:386)
at app//org.openqa.selenium.remote.http.jdk.JdkHttpClient$$Lambda$175/0x00000001001c7c40.execute(Unknown Source)
at app//org.openqa.selenium.remote.http.AddSeleniumUserAgent.lambda$apply$0(AddSeleniumUserAgent.java:42)
at app//org.openqa.selenium.remote.http.AddSeleniumUserAgent$$Lambda$327/0x000000010029a840.execute(Unknown Source)
at app//org.openqa.selenium.remote.http.Filter.lambda$andFinally$1(Filter.java:55)
at app//org.openqa.selenium.remote.http.Filter$$Lambda$176/0x00000001001c6840.execute(Unknown Source)
at app//org.openqa.selenium.remote.http.jdk.JdkHttpClient.execute(JdkHttpClient.java:359)
at app//org.openqa.selenium.remote.HttpCommandExecutor.execute(HttpCommandExecutor.java:188)
at app//org.openqa.selenium.remote.service.DriverCommandExecutor.invokeExecute(DriverCommandExecutor.java:200)
at app//org.openqa.selenium.remote.service.DriverCommandExecutor.execute(DriverCommandExecutor.java:175)
at app//org.openqa.selenium.remote.RemoteWebDriver.execute(RemoteWebDriver.java:602)
at app//org.openqa.selenium.remote.RemoteWebElement.execute(RemoteWebElement.java:224)
at app//org.openqa.selenium.remote.RemoteWebElement.click(RemoteWebElement.java:77)
at app//com.test.TestNG_Annotations.testSolutions(TestNG_Annotations.java:117)
at java.base@14.0.2/java.util.concurrent.FutureTask.run(FutureTask.java:264)
at java.base@14.0.2/java.util.concurrent.ThreadPoolExecutor.runWorker(ThreadPoolExecutor.java:1130)
at java.base@14.0.2/java.util.concurrent.ThreadPoolExecutor$Worker.run(ThreadPoolExecutor.java:630)
at java.base@14.0.2/java.lang.Thread.run(Thread.java:832)
... Removed 8 stack frames]]>
    </failure>
  </testcase> <!-- testSolutions -->
  <testcase classname="com.test.TestNG_Annotations" name="testProducts" time="4.942"/>
  <testcase classname="com.test.TestNG_Annotations" name="testCompany" time="2.676"/>
  <testcase classname="com.test.TestNG_Annotations" name="testResources" time="14.75"/>
  <testcase classname="com.test.TestNG_Annotations" name="testRpaLink" time="3.251"/>
</testsuite> <!-- Test -->
