<?xml version="1.0" encoding="UTF-8"?>
<!-- Generated by org.testng.reporters.JUnitReportReporter -->
<testsuite hostname="DESKTOP-4Q8IVI3" failures="0" tests="7" name="TestNG_Annotations" time="93.715" errors="1" timestamp="2023-10-23T11:14:52 IST" skipped="0">
  <testcase classname="TestNG_Annotations" name="testLogo" time="0.409"/>
  <system-out/>
  <testcase classname="TestNG_Annotations" name="testSolutions" time="1.021">
    <error message="Method TestNG_Annotations.testSolutions() didn&#039;t finish within the time-out 1000" type="org.testng.internal.thread.ThreadTimeoutException">
      <![CDATA[org.testng.internal.thread.ThreadTimeoutException: Method TestNG_Annotations.testSolutions() didn't finish within the time-out 1000
at java.base@14.0.2/jdk.internal.misc.Unsafe.park(Native Method)
at java.base@14.0.2/java.util.concurrent.locks.LockSupport.parkNanos(LockSupport.java:252)
at java.base@14.0.2/java.util.concurrent.CompletableFuture$Signaller.block(CompletableFuture.java:1862)
at java.base@14.0.2/java.util.concurrent.ForkJoinPool.managedBlock(ForkJoinPool.java:3137)
at java.base@14.0.2/java.util.concurrent.CompletableFuture.timedGet(CompletableFuture.java:1932)
at java.base@14.0.2/java.util.concurrent.CompletableFuture.get(CompletableFuture.java:2085)
at app//org.openqa.selenium.remote.http.jdk.JdkHttpClient.execute0(JdkHttpClient.java:386)
at app//org.openqa.selenium.remote.http.jdk.JdkHttpClient$$Lambda$176/0x00000001001c6840.execute(Unknown Source)
at app//org.openqa.selenium.remote.http.AddSeleniumUserAgent.lambda$apply$0(AddSeleniumUserAgent.java:42)
at app//org.openqa.selenium.remote.http.AddSeleniumUserAgent$$Lambda$328/0x000000010029ac40.execute(Unknown Source)
at app//org.openqa.selenium.remote.http.Filter.lambda$andFinally$1(Filter.java:55)
at app//org.openqa.selenium.remote.http.Filter$$Lambda$177/0x00000001001c6c40.execute(Unknown Source)
at app//org.openqa.selenium.remote.http.jdk.JdkHttpClient.execute(JdkHttpClient.java:359)
at app//org.openqa.selenium.remote.HttpCommandExecutor.execute(HttpCommandExecutor.java:188)
at app//org.openqa.selenium.remote.service.DriverCommandExecutor.invokeExecute(DriverCommandExecutor.java:200)
at app//org.openqa.selenium.remote.service.DriverCommandExecutor.execute(DriverCommandExecutor.java:175)
at app//org.openqa.selenium.remote.RemoteWebDriver.execute(RemoteWebDriver.java:602)
at app//org.openqa.selenium.remote.RemoteWebElement.execute(RemoteWebElement.java:224)
at app//org.openqa.selenium.remote.RemoteWebElement.click(RemoteWebElement.java:77)
at app//TestNG_Annotations.testSolutions(TestNG_Annotations.java:116)
at java.base@14.0.2/jdk.internal.reflect.NativeMethodAccessorImpl.invoke0(Native Method)
at java.base@14.0.2/jdk.internal.reflect.NativeMethodAccessorImpl.invoke(NativeMethodAccessorImpl.java:62)
at java.base@14.0.2/jdk.internal.reflect.DelegatingMethodAccessorImpl.invoke(DelegatingMethodAccessorImpl.java:43)
at java.base@14.0.2/java.lang.reflect.Method.invoke(Method.java:564)
at app//org.testng.internal.invokers.MethodInvocationHelper.invokeMethod(MethodInvocationHelper.java:139)
at app//org.testng.internal.invokers.InvokeMethodRunnable.runOne(InvokeMethodRunnable.java:47)
at app//org.testng.internal.invokers.InvokeMethodRunnable.call(InvokeMethodRunnable.java:76)
at app//org.testng.internal.invokers.InvokeMethodRunnable.call(InvokeMethodRunnable.java:11)
at java.base@14.0.2/java.util.concurrent.FutureTask.run(FutureTask.java:264)
at java.base@14.0.2/java.util.concurrent.ThreadPoolExecutor.runWorker(ThreadPoolExecutor.java:1130)
at java.base@14.0.2/java.util.concurrent.ThreadPoolExecutor$Worker.run(ThreadPoolExecutor.java:630)
at java.base@14.0.2/java.lang.Thread.run(Thread.java:832)
]]>
    </error>
  </testcase> <!-- testSolutions -->
  <system-out/>
  <testcase classname="TestNG_Annotations" name="testRequestDemoButton" time="44.617"/>
  <system-out/>
  <testcase classname="TestNG_Annotations" name="testProducts" time="5.956"/>
  <system-out/>
  <testcase classname="TestNG_Annotations" name="testCompany" time="3.153"/>
  <system-out/>
  <testcase classname="TestNG_Annotations" name="testResources" time="14.907"/>
  <system-out/>
  <testcase classname="TestNG_Annotations" name="testRpaLink" time="23.652"/>
  <system-out/>
</testsuite> <!-- TestNG_Annotations -->
